<?xml version="1.0" encoding="UTF-8"?>
<testsuite xmlns:xsi="http://www.w3.org/2001/XMLSchema-instance" xsi:noNamespaceSchemaLocation="https://maven.apache.org/surefire/maven-surefire-plugin/xsd/surefire-test-report.xsd" version="3.0.2" name="com.piggymetrics.auth.AuthServiceApplicationTest" time="9.199" tests="2" errors="0" skipped="0" failures="0">
  <properties>
[...]
</properties>
  <testcase name="shouldPublishSigningKeyAsJwks" classname="com.piggymetrics.auth.AuthServiceApplicationTest" time="1.825">
    <system-out><![CDATA[2026-08-20 17:11:21,001 INFO  [org.tes.DockerClientFactory] (build-33) Testcontainers version: 1.20.1
2026-08-20 17:11:21,210 INFO  [org.tes.doc.DockerClientProviderStrategy] (build-33) Loaded org.testcontainers.dockerclient.UnixSocketClientProviderStrategy from ~/.testcontainers.properties, will try it first
2026-08-20 17:11:21,504 INFO  [org.tes.doc.DockerClientProviderStrategy] (build-33) Found Docker environment with local Unix socket (unix:///var/run/docker.sock)
2026-08-20 17:11:21,506 INFO  [org.tes.DockerClientFactory] (build-33) Docker host IP address is localhost
2026-08-20 17:11:21,528 INFO  [org.tes.DockerClientFactory] (build-33) Connected to docker: 
  Server Version: 29.7.2
  API Version: 1.55
  Operating System: Docker Desktop
  Total Memory: 7936 MB
2026-08-20 17:11:21,548 INFO  [org.tes.ima.PullPolicy] (build-33) Image pull policy will be performed by: DefaultPullPolicy()
2026-08-20 17:11:21,550 INFO  [org.tes.uti.ImageNameSubstitutor] (build-33) Image name substitution will be performed by: DefaultImageNameSubstitutor (composite of 'ConfigurationFileImageNameSubstitutor' and 'PrefixingImageNameSubstitutor')
2026-08-20 17:11:21,556 INFO  [org.tes.DockerClientFactory] (build-33) Checking the system...
2026-08-20 17:11:21,556 INFO  [org.tes.DockerClientFactory] (build-33) ✔︎ Docker server version should be at least 1.6.0
2026-08-20 17:11:21,942 INFO  [tc.doc.io/.0] (build-33) Creating container for image: docker.io/mongo:7.0
2026-08-20 17:11:22,131 INFO  [org.tes.uti.RegistryAuthLocator] (build-33) Credential helper/store (docker-credential-desktop) does not have credentials for docker.io
2026-08-20 17:11:22,141 INFO  [tc.tes.8.1] (build-33) Creating container for image: testcontainers/ryuk:0.8.1
2026-08-20 17:11:22,195 INFO  [org.tes.uti.RegistryAuthLocator] (build-33) Credential helper/store (docker-credential-desktop) does not have credentials for https://index.docker.io/v1/
2026-08-20 17:11:22,287 INFO  [tc.tes.8.1] (build-33) Container testcontainers/ryuk:0.8.1 is starting: 329e79336fdd2cf85bf53ff553cf4c5e7bb974ae4fc697dad02c36d362178336
2026-08-20 17:11:22,501 INFO  [tc.tes.8.1] (build-33) Container testcontainers/ryuk:0.8.1 started in PT0.35982S
2026-08-20 17:11:22,563 INFO  [tc.doc.io/.0] (build-33) Container docker.io/mongo:7.0 is starting: 6a4d93339c2b7a3efe869530f87bd8670ff0ef71c7b5e7eb05de5d4c5483ca9b
2026-08-20 17:11:23,498 INFO  [tc.doc.io/.0] (build-33) Container docker.io/mongo:7.0 started in PT1.555816S
2026-08-20 17:11:25,398 INFO  [io.quarkus] (main) auth-service 1.0-SNAPSHOT on JVM (powered by Quarkus 3.15.1) started in 5.387s. Listening on: http://localhost:5081
2026-08-20 17:11:25,398 INFO  [io.quarkus] (main) Profile test activated. 
2026-08-20 17:11:25,398 INFO  [io.quarkus] (main) Installed features: [cdi, hibernate-validator, micrometer, mongodb-client, mongodb-panache, narayana-jta, rest, rest-jackson, security, smallrye-context-propagation, smallrye-health, smallrye-jwt, vertx]
]]></system-out>
    <system-err><![CDATA[WARNING: A Java agent has been loaded dynamically (/Users/macbookpro/.m2/repository/net/bytebuddy/byte-buddy-agent/1.14.15/byte-buddy-agent-1.14.15.jar)
WARNING: If a serviceability tool is in use, please run with -XX:+EnableDynamicAgentLoading to hide this warning
WARNING: If a serviceability tool is not in use, please run with -Djdk.instrument.traceUsage for more information
WARNING: Dynamic loading of agents will be disallowed by default in a future release
]]></system-err>
  </testcase>
  <testcase name="contextLoads" classname="com.piggymetrics.auth.AuthServiceApplicationTest" time="0.046"/>
</testsuite>